INFO:sim:172 - Generating IP...
Applying current project options...
Finished applying current project options.
WARNING:sim - A core named 'clkGenerator' already exists in the project. Output
   products for this core may be overwritten.
Resolving generics for 'clkGenerator'...
WARNING:sim - A core named 'clkGenerator' already exists in the project. Output
   products for this core may be overwritten.
Applying external generics to 'clkGenerator'...
Delivering associated files for 'clkGenerator'...
WARNING:sim - Component clk_wiz_v3_6 does not have a valid model name for
   Verilog synthesis
Delivering EJava files for 'clkGenerator'...
Delivered 3 files into directory
F:/GIT_LVDSClock_XC7K325T_2FFG676/ipcore_dir/tmp/_cg/clkGenerator
Delivered 1 file into directory
F:/GIT_LVDSClock_XC7K325T_2FFG676/ipcore_dir/tmp/_cg/clkGenerator
Generating ASY schematic symbol...
Loading device for application Rf_Device from file '7k325t.nph' in environment
D:\Xilinx\14.7\ISE_DS\ISE\.
INFO:sim:949 - Finished generation of ASY schematic symbol.
Generating SYM schematic symbol for 'clkGenerator'...
Generating ISE project...
XCO file found: clkGenerator.xco
XMDF file found: clkGenerator_xmdf.tcl
Adding F:/GIT_LVDSClock_XC7K325T_2FFG676/ipcore_dir/tmp/_cg/clkGenerator.asy
-view all -origin_type imported
Adding F:/GIT_LVDSClock_XC7K325T_2FFG676/ipcore_dir/tmp/_cg/clkGenerator.ucf
-view all -origin_type created
Adding F:/GIT_LVDSClock_XC7K325T_2FFG676/ipcore_dir/tmp/_cg/clkGenerator.v -view
all -origin_type created
INFO:HDLCompiler:1845 - Analyzing Verilog file
   "F:/GIT_LVDSClock_XC7K325T_2FFG676/ipcore_dir/tmp/_cg/clkGenerator.v" into
   library work
INFO:ProjectMgmt - Parsing design hierarchy completed successfully.
Adding F:/GIT_LVDSClock_XC7K325T_2FFG676/ipcore_dir/tmp/_cg/clkGenerator.veo
-view all -origin_type imported
INFO:TclTasksC:2116 - The automatic calculation of top has been turned-off.
   Please set the new top explicitly by running the "project set top" command.
   To re-calculate the new top automatically, set the "Auto Implementation Top"
   property to true.
Top level has been set to "/clkGenerator"
Generating README file...
Generating FLIST file...
INFO:sim:948 - Finished FLIST file generation.
Launching README viewer...
Moving files to output directory...
Finished moving files to output directory
Wrote CGP file for project 'clkGenerator'.
